<?xml version="1.0" encoding="UTF-8"?>
<!-- Generated by org.testng.reporters.JUnitXMLReporter -->
<testsuite hostname="SandeshG-PC" ignored="1" name="Test" tests="3" failures="0" timestamp="20 Jul 2017 09:23:29 GMT" time="0.528" errors="0">
  <testcase name="AdminLoginValidCredentials" time="0.032" classname="TestClass.AdminTest"/>
  <testcase name="Addingdevice" time="0.029" classname="TestClass.AdminTest"/>
  <testcase name="Retrivedevice" time="0.029" classname="TestClass.AdminTest"/>
  <testcase name="AdminLoginInValidCredentials" time="0.0" classname="TestClass.AdminTest">
    <ignored/>
  </testcase> <!-- AdminLoginInValidCredentials -->
</testsuite> <!-- Test -->
