<?xml version="1.0" encoding="UTF-8"?>
<testng-results skipped="0" failed="0" ignored="0" total="1" passed="1">
  <reporter-output>
  </reporter-output>
  <suite name="Suite" duration-ms="4" started-at="2017-07-05T10:05:45Z" finished-at="2017-07-05T10:05:45Z">
    <groups>
    </groups>
    <test name="Test" duration-ms="4" started-at="2017-07-05T10:05:45Z" finished-at="2017-07-05T10:05:45Z">
      <class name="TestClass.NewTest">
        <test-method status="PASS" signature="AbilitiesTest()[pri:0, instance:TestClass.NewTest@28f67ac7]" name="AbilitiesTest" duration-ms="0" started-at="2017-07-05T15:35:45Z" finished-at="2017-07-05T15:35:45Z">
          <reporter-output>
          </reporter-output>
        </test-method> <!-- AbilitiesTest -->
        <test-method status="PASS" signature="Beforetest(java.lang.reflect.Method)[pri:0, instance:TestClass.NewTest@28f67ac7]" name="Beforetest" is-config="true" duration-ms="0" started-at="2017-07-05T15:35:45Z" finished-at="2017-07-05T15:35:45Z">
          <params>
            <param index="0">
              <value>
                <![CDATA[public void TestClass.NewTest.AbilitiesTest() throws java.io.IOException,java.lang.InterruptedException]]>
              </value>
            </param>
          </params>
          <reporter-output>
          </reporter-output>
        </test-method> <!-- Beforetest -->
      </class> <!-- TestClass.NewTest -->
    </test> <!-- Test -->
  </suite> <!-- Suite -->
</testng-results>
