<?xml version="1.0" encoding="UTF-8"?>
<testng-results skipped="0" failed="0" ignored="1" total="4" passed="3">
  <reporter-output>
  </reporter-output>
  <suite name="First Suite" duration-ms="528" started-at="2017-07-20T09:23:29Z" finished-at="2017-07-20T09:23:29Z">
    <groups>
    </groups>
    <test name="Test" duration-ms="528" started-at="2017-07-20T09:23:29Z" finished-at="2017-07-20T09:23:29Z">
      <class name="TestClass.AdminTest">
        <test-method status="PASS" signature="EnvironmentSet()[pri:0, instance:TestClass.AdminTest@13a5fe33]" name="EnvironmentSet" is-config="true" duration-ms="59" started-at="2017-07-20T14:53:29Z" finished-at="2017-07-20T14:53:29Z">
          <reporter-output>
          </reporter-output>
        </test-method> <!-- EnvironmentSet -->
        <test-method status="PASS" signature="startReport(java.lang.reflect.Method)[pri:0, instance:TestClass.AdminTest@13a5fe33]" name="startReport" is-config="true" duration-ms="2" started-at="2017-07-20T14:53:29Z" finished-at="2017-07-20T14:53:29Z">
          <params>
            <param index="0">
              <value>
                <![CDATA[private void TestClass.AdminTest.AdminLoginValidCredentials() throws java.lang.Exception]]>
              </value>
            </param>
          </params>
          <reporter-output>
          </reporter-output>
        </test-method> <!-- startReport -->
        <test-method status="PASS" signature="AdminLoginValidCredentials()[pri:0, instance:TestClass.AdminTest@13a5fe33]" name="AdminLoginValidCredentials" duration-ms="32" started-at="2017-07-20T14:53:29Z" finished-at="2017-07-20T14:53:29Z">
          <reporter-output>
          </reporter-output>
        </test-method> <!-- AdminLoginValidCredentials -->
        <test-method status="PASS" signature="close(org.testng.ITestResult)[pri:0, instance:TestClass.AdminTest@13a5fe33]" name="close" is-config="true" duration-ms="225" started-at="2017-07-20T14:53:29Z" finished-at="2017-07-20T14:53:29Z">
          <params>
            <param index="0">
              <value>
                <![CDATA[[TestResult name=AdminLoginValidCredentials status=SUCCESS method=AdminTest.AdminLoginValidCredentials()[pri:0, instance:TestClass.AdminTest@13a5fe33] output={null}]]]>
              </value>
            </param>
          </params>
          <reporter-output>
          </reporter-output>
        </test-method> <!-- close -->
        <test-method status="PASS" signature="Addingdevice()[pri:3, instance:TestClass.AdminTest@13a5fe33]" name="Addingdevice" duration-ms="29" started-at="2017-07-20T14:53:29Z" finished-at="2017-07-20T14:53:29Z">
          <reporter-output>
          </reporter-output>
        </test-method> <!-- Addingdevice -->
        <test-method status="PASS" signature="startReport(java.lang.reflect.Method)[pri:0, instance:TestClass.AdminTest@13a5fe33]" name="startReport" is-config="true" duration-ms="0" started-at="2017-07-20T14:53:29Z" finished-at="2017-07-20T14:53:29Z">
          <params>
            <param index="0">
              <value>
                <![CDATA[private void TestClass.AdminTest.Addingdevice() throws java.lang.Exception]]>
              </value>
            </param>
          </params>
          <reporter-output>
          </reporter-output>
        </test-method> <!-- startReport -->
        <test-method status="PASS" signature="close(org.testng.ITestResult)[pri:0, instance:TestClass.AdminTest@13a5fe33]" name="close" is-config="true" duration-ms="40" started-at="2017-07-20T14:53:29Z" finished-at="2017-07-20T14:53:29Z">
          <params>
            <param index="0">
              <value>
                <![CDATA[[TestResult name=Addingdevice status=SUCCESS method=AdminTest.Addingdevice()[pri:3, instance:TestClass.AdminTest@13a5fe33] output={null}]]]>
              </value>
            </param>
          </params>
          <reporter-output>
          </reporter-output>
        </test-method> <!-- close -->
        <test-method status="PASS" signature="startReport(java.lang.reflect.Method)[pri:0, instance:TestClass.AdminTest@13a5fe33]" name="startReport" is-config="true" duration-ms="0" started-at="2017-07-20T14:53:29Z" finished-at="2017-07-20T14:53:29Z">
          <params>
            <param index="0">
              <value>
                <![CDATA[private void TestClass.AdminTest.Retrivedevice() throws java.lang.Exception]]>
              </value>
            </param>
          </params>
          <reporter-output>
          </reporter-output>
        </test-method> <!-- startReport -->
        <test-method status="PASS" signature="Retrivedevice()[pri:4, instance:TestClass.AdminTest@13a5fe33]" name="Retrivedevice" duration-ms="29" started-at="2017-07-20T14:53:29Z" finished-at="2017-07-20T14:53:29Z">
          <reporter-output>
          </reporter-output>
        </test-method> <!-- Retrivedevice -->
        <test-method status="PASS" signature="close(org.testng.ITestResult)[pri:0, instance:TestClass.AdminTest@13a5fe33]" name="close" is-config="true" duration-ms="96" started-at="2017-07-20T14:53:29Z" finished-at="2017-07-20T14:53:29Z">
          <params>
            <param index="0">
              <value>
                <![CDATA[[TestResult name=Retrivedevice status=SUCCESS method=AdminTest.Retrivedevice()[pri:4, instance:TestClass.AdminTest@13a5fe33] output={null}]]]>
              </value>
            </param>
          </params>
          <reporter-output>
          </reporter-output>
        </test-method> <!-- close -->
      </class> <!-- TestClass.AdminTest -->
    </test> <!-- Test -->
  </suite> <!-- First Suite -->
</testng-results>
